C51 COMPILER V9.59.0.0   LDCHIP                                                            07/03/2019 14:35:57 PAGE 1   


C51 COMPILER V9.59.0.0, COMPILATION OF MODULE LDCHIP
OBJECT MODULE PLACED IN ..\obj\LDChip.obj
COMPILER INVOKED BY: D:\MDK5\C51\BIN\C51.EXE ..\code\LDChip.c OPTIMIZE(8,SPEED) BROWSE INCDIR(..\code;..\user) DEBUG OBJ
                    -ECTEXTEND PRINT(.\LDChip.lst) TABS(2) OBJECT(..\obj\LDChip.obj)

line level    source

   1          /***************************飞音云电子****************************
   2          **  工程名称：YS-V0.7语音识别模块驱动程序
   3          **  CPU: STC11L08XE
   4          **  晶振：22.1184MHZ
   5          **  波特率：9600 bit/S
   6          **  配套产品信息：YS-V0.7语音识别开发板
   7          **                http://yuesheng001.taobao.com
   8          **  作者：zdings
   9          **  联系：751956552@qq.com
  10          **  修改日期：2013.9.13
  11          **  说明：口令模式： 即每次识别时都需要说“小杰”这个口令 ，才能够进行下一级的识别
  12          /***************************飞音云电子******************************/
  13          #include "config.h"
  14          
  15          extern void  delay(unsigned long uldata);
  16          
  17          uint8 idata ucRegVal;
  18          extern uint8 idata nAsrStatus;
  19          
  20          void ProcessInt0(void);
  21          
  22          /************************************************************************
  23          功能描述：   复位LD模块
  24          入口参数：   none
  25          返 回 值：   none
  26          其他说明：   none
  27          **************************************************************************/
  28          void LD_Reset()
  29          {
  30   1        RSTB=1;
  31   1        delay(1);
  32   1        RSTB=0;
  33   1        delay(1);
  34   1        RSTB=1;
  35   1      
  36   1        delay(1);
  37   1        CSB=0;
  38   1        delay(1);
  39   1        CSB=1;
  40   1        delay(1);
  41   1      }
  42          /************************************************************************
  43          功能描述： LD模块命令初始化
  44          入口参数： none
  45          返 回 值： none
  46          其他说明： 该函数为出厂配置，一般不需要修改；
  47                     有兴趣的客户可对照开发手册根据需要自行修改。
  48          **************************************************************************/
  49          void LD_Init_Common()
  50          {
  51   1        LD_ReadReg(0x06);  
  52   1        LD_WriteReg(0x17, 0x35); 
  53   1        delay(10);
  54   1        LD_ReadReg(0x06);  
C51 COMPILER V9.59.0.0   LDCHIP                                                            07/03/2019 14:35:57 PAGE 2   

  55   1      
  56   1        LD_WriteReg(0x89, 0x03);  
  57   1        delay(5);
  58   1        LD_WriteReg(0xCF, 0x43);   
  59   1        delay(5);
  60   1        LD_WriteReg(0xCB, 0x02);
  61   1        
  62   1        /*PLL setting*/
  63   1        LD_WriteReg(0x11, LD_PLL_11);       
  64   1      
  65   1        LD_WriteReg(0x1E,0x00);
  66   1        LD_WriteReg(0x19, LD_PLL_ASR_19); 
  67   1        LD_WriteReg(0x1B, LD_PLL_ASR_1B);   
  68   1        LD_WriteReg(0x1D, LD_PLL_ASR_1D);
  69   1        delay(10);
  70   1        
  71   1        LD_WriteReg(0xCD, 0x04);
  72   1      //  LD_WriteReg(0x17, 0x4c); 
  73   1        delay(5);
  74   1        LD_WriteReg(0xB9, 0x00);
  75   1        LD_WriteReg(0xCF, 0x4F); 
  76   1        LD_WriteReg(0x6F, 0xFF); 
  77   1      }
  78          
  79          /************************************************************************
  80          功能描述：   LD模块 ASR功能初始化
  81          入口参数：   none
  82          返 回 值：   none
  83          其他说明：   该函数为出厂配置，一般不需要修改；
  84                     有兴趣的客户可对照开发手册根据需要自行修改。
  85          **************************************************************************/
  86          void LD_Init_ASR()
  87          {
  88   1        LD_Init_Common();
  89   1      
  90   1        LD_WriteReg(0xBD, 0x00);
  91   1        LD_WriteReg(0x17, 0x48);
  92   1        delay( 10 );
  93   1      
  94   1        LD_WriteReg(0x3C, 0x80);    
  95   1        LD_WriteReg(0x3E, 0x07);
  96   1        LD_WriteReg(0x38, 0xff);    
  97   1        LD_WriteReg(0x3A, 0x07);
  98   1        
  99   1        LD_WriteReg(0x40, 0);          
 100   1        LD_WriteReg(0x42, 8);
 101   1        LD_WriteReg(0x44, 0);    
 102   1        LD_WriteReg(0x46, 8); 
 103   1        delay( 1 );
 104   1      }
 105          
 106          /************************************************************************
 107          功能描述：  中断处理函数
 108          入口参数：   none
 109          返 回 值：   none
 110          其他说明：  当LD模块接收到音频信号时，将进入该函数，
 111                      判断识别是否有结果，如果没有从新配置寄
 112                      存器准备下一次的识别。
 113          **************************************************************************/
 114          void ProcessInt0(void)
 115          {
 116   1        uint8 nAsrResCount=0;
C51 COMPILER V9.59.0.0   LDCHIP                                                            07/03/2019 14:35:57 PAGE 3   

 117   1      
 118   1        EX0=0;
 119   1        ucRegVal = LD_ReadReg(0x2B);
 120   1        LD_WriteReg(0x29,0) ;
 121   1        LD_WriteReg(0x02,0) ;
 122   1        if((ucRegVal & 0x10) &&
 123   1          LD_ReadReg(0xb2)==0x21 && 
 124   1          LD_ReadReg(0xbf)==0x35)     /*识别成功*/
 125   1        { 
 126   2          nAsrResCount = LD_ReadReg(0xba);
 127   2          if(nAsrResCount>0 && nAsrResCount<=4) 
 128   2          {
 129   3            nAsrStatus=LD_ASR_FOUNDOK;
 130   3          }
 131   2          else
 132   2            {
 133   3            nAsrStatus=LD_ASR_FOUNDZERO;
 134   3          } 
 135   2        }                              /*没有识别结果*/
 136   1        else
 137   1        {  
 138   2          nAsrStatus=LD_ASR_FOUNDZERO;
 139   2        }
 140   1          
 141   1        LD_WriteReg(0x2b, 0);
 142   1        LD_WriteReg(0x1C,0);/*写0:ADC不可用*/
 143   1      
 144   1        LD_WriteReg(0x29,0) ;
 145   1        LD_WriteReg(0x02,0) ;
 146   1        LD_WriteReg(0x2B,  0);
 147   1        LD_WriteReg(0xBA, 0); 
 148   1        LD_WriteReg(0xBC,0);  
 149   1        LD_WriteReg(0x08,1);   /*清除FIFO_DATA*/
 150   1        LD_WriteReg(0x08,0);  /*清除FIFO_DATA后 再次写0*/
 151   1      
 152   1      
 153   1        EX0=1;
 154   1      }
 155          
 156          /************************************************************************
 157          功能描述：  运行ASR识别流程
 158          入口参数：  none
 159          返 回 值：  asrflag：1->启动成功， 0―>启动失败
 160          其他说明：  识别顺序如下:
 161                      1、RunASR()函数实现了一次完整的ASR语音识别流程
 162                      2、LD_AsrStart() 函数实现了ASR初始化
 163                      3、LD_AsrAddFixed() 函数实现了添加关键词语到LD3320芯片中
 164                      4、LD_AsrRun()  函数启动了一次ASR语音识别流程         
 165                      任何一次ASR识别流程，都需要按照这个顺序，从初始化开始
 166          **************************************************************************/
 167          uint8 RunASR(void)
 168          {
 169   1        uint8 i=0;
 170   1        uint8 asrflag=0;
 171   1        for (i=0; i<5; i++)     //  防止由于硬件原因导致LD3320芯片工作不正常，所以一共尝试5次启动ASR识别流程
 172   1        {
 173   2          LD_AsrStart();
 174   2          delay(50);
 175   2          if (LD_AsrAddFixed()==0)
 176   2          {
 177   3            LD_Reset();     //  LD3320芯片内部出现不正常，立即重启LD3320芯片
 178   3            delay(50);      //  并从初始化开始重新ASR识别流程
C51 COMPILER V9.59.0.0   LDCHIP                                                            07/03/2019 14:35:57 PAGE 4   

 179   3            continue;
 180   3          }
 181   2          delay(10);
 182   2          if (LD_AsrRun() == 0)
 183   2          {
 184   3            LD_Reset();     //  LD3320芯片内部出现不正常，立即重启LD3320芯片
 185   3            delay(50);      //  并从初始化开始重新ASR识别流程
 186   3            continue;
 187   3          }
 188   2          asrflag=1;
 189   2          break;          //  ASR流程启动成功，退出当前for循环。开始等待LD3320送出的中断信号
 190   2        }
 191   1      
 192   1        return asrflag;
 193   1      }
 194          /************************************************************************
 195          功能描述：  检测LD模块是否空闲
 196          入口参数：  none
 197          返 回 值：  flag：1-> 空闲
 198          其他说明：  none
 199          **************************************************************************/
 200          uint8 LD_Check_ASRBusyFlag_b2()
 201          {
 202   1        uint8 j;
 203   1        uint8 flag = 0;
 204   1        for (j=0; j<10; j++)
 205   1        {
 206   2          if (LD_ReadReg(0xb2) == 0x21)
 207   2          {
 208   3            flag = 1;
 209   3            break;
 210   3          }
 211   2          delay(10);    
 212   2        }
 213   1        return flag;
 214   1      }
 215          /************************************************************************
 216          功能描述：  启动ASR
 217          入口参数：  none
 218          返 回 值：  none
 219          其他说明：  none
 220          **************************************************************************/
 221          void LD_AsrStart()
 222          {
 223   1        LD_Init_ASR();
 224   1      }
 225          /************************************************************************
 226          功能描述：  运行ASR
 227          入口参数：  none
 228          返 回 值：  1：启动成功
 229          其他说明：  none
 230          **************************************************************************/
 231          uint8 LD_AsrRun()
 232          {
 233   1        EX0=0;
 234   1        LD_WriteReg(0x35, MIC_VOL);
 235   1        LD_WriteReg(0x1C, 0x09);
 236   1        LD_WriteReg(0xBD, 0x20);
 237   1        LD_WriteReg(0x08, 0x01);
 238   1        delay( 1 );
 239   1        LD_WriteReg(0x08, 0x00);
 240   1        delay( 1 );
C51 COMPILER V9.59.0.0   LDCHIP                                                            07/03/2019 14:35:57 PAGE 5   

 241   1      
 242   1        if(LD_Check_ASRBusyFlag_b2() == 0)
 243   1        {
 244   2          return 0;
 245   2        }
 246   1      //  LD_WriteReg(0xB6, 0xa); //识别时间   1S
 247   1      //  LD_WriteReg(0xB5, 0x1E); //背景音段时间 300ms
 248   1      //  LD_WriteReg(0xB8, 10); //结束时间
 249   1      
 250   1      //  LD_WriteReg(0x1C, 0x07); //配置双通道音频信号做为输入信号
 251   1        LD_WriteReg(0x1C, 0x0b); //配置麦克风做为输入信号
 252   1      
 253   1      
 254   1        LD_WriteReg(0xB2, 0xff);
 255   1        delay( 1);  
 256   1        LD_WriteReg(0x37, 0x06);
 257   1        delay( 1 );
 258   1          LD_WriteReg(0x37, 0x06);
 259   1          delay( 5 );
 260   1        LD_WriteReg(0x29, 0x10);
 261   1        
 262   1        LD_WriteReg(0xBD, 0x00);
 263   1        EX0=1;
 264   1        return 1;
 265   1      }
 266          /************************************************************************
 267          功能描述： 向LD模块添加关键词
 268          入口参数： none
 269          返 回 值： flag：1->添加成功
 270          其他说明： 用户修改.
 271                     1、根据如下格式添加拼音关键词，同时注意修改sRecog 和pCode 数组的长度
 272                     和对应变了k的循环置。拼音串和识别码是一一对应的。
 273                     2、开发者可以学习"语音识别芯片LD3320高阶秘籍.pdf"中
 274                     关于垃圾词语吸收错误的用法，来提供识别效果。
 275                     3、”xiao jie “ 为口令，故在每次识别时，必须先发一级口令“小捷”
 276          **************************************************************************/
 277          uint8 LD_AsrAddFixed()
 278          {
 279   1        uint8 k, flag;
 280   1        uint8 nAsrAddLength;
 281   1        #define DATE_A 15   /*数组二维数值*/
 282   1        #define DATE_B 20   /*数组一维数值*/
 283   1        uint8 code sRecog[DATE_A][DATE_B] = {
 284   1                                              "xiao jie",\
 285   1                                              "kai fa ban yan zheng",\
 286   1                                              "dai ma ce shi",\
 287   1                                              "kai deng",\
 288   1                                              "guan deng",\
 289   1                                              "bei jing",\
 290   1                                              "shang hai",\
 291   1                                              "guang zhou",\
 292   1                                              "fan ye",\
 293   1                                              "da kai dian ji",\
 294   1                                              "guan bi dian ji",\
 295   1                                              "jia su",\
 296   1                                              "jian su",\
 297   1                                              "kai ji",\
 298   1                                              "guan ji",\
 299   1                                            };  /*添加关键词，用户修改*/
 300   1        uint8 code pCode[DATE_A] = {
 301   1                                    CODE_CMD,\
 302   1                                    CODE_KFBYZ,\
C51 COMPILER V9.59.0.0   LDCHIP                                                            07/03/2019 14:35:57 PAGE 6   

 303   1                                    CODE_DMCS,\
 304   1                                    CODE_KD,\
 305   1                                    CODE_GD,\
 306   1                                    CODE_BJ,\
 307   1                                    CODE_SH,\
 308   1                                    CODE_GZ,\
 309   1                                    CODE_FY,\
 310   1                                    CODE_DKDJ,\
 311   1                                    CODE_GBDJ,\
 312   1                                    CODE_AS,\
 313   1                                    CODE_SS,\
 314   1                                    CODE_KJ,\
 315   1                                    CODE_GJ,\
 316   1                                   }; /*添加识别码，用户修改*/  
 317   1        flag = 1;
 318   1        for (k=0; k<DATE_A; k++)
 319   1        {
 320   2            
 321   2          if(LD_Check_ASRBusyFlag_b2() == 0)
 322   2          {
 323   3            flag = 0;
 324   3            break;
 325   3          }
 326   2          
 327   2          LD_WriteReg(0xc1, pCode[k] );
 328   2          LD_WriteReg(0xc3, 0 );
 329   2          LD_WriteReg(0x08, 0x04);
 330   2          delay(1);
 331   2          LD_WriteReg(0x08, 0x00);
 332   2          delay(1);
 333   2      
 334   2          for (nAsrAddLength=0; nAsrAddLength<DATE_B; nAsrAddLength++)
 335   2          {
 336   3            if (sRecog[k][nAsrAddLength] == 0)
 337   3              break;
 338   3            LD_WriteReg(0x5, sRecog[k][nAsrAddLength]);
 339   3          }
 340   2          LD_WriteReg(0xb9, nAsrAddLength);
 341   2          LD_WriteReg(0xb2, 0xff);
 342   2          LD_WriteReg(0x37, 0x04);
 343   2        }
 344   1          return flag;
 345   1      }
 346          /************************************************************************
 347          功能描述：  获取识别结果
 348          入口参数：  none
 349          返 回 值：  LD_ReadReg(0xc5 )；  读取内部寄存器返回识别码。
 350          其他说明：  none
 351          **************************************************************************/
 352          uint8 LD_GetResult()
 353          {   
 354   1        return LD_ReadReg(0xc5 );
 355   1      }
 356          
 357          
 358          


MODULE INFORMATION:   STATIC OVERLAYABLE
   CODE SIZE        =    934    ----
   CONSTANT SIZE    =    315    ----
   XDATA SIZE       =   ----    ----
C51 COMPILER V9.59.0.0   LDCHIP                                                            07/03/2019 14:35:57 PAGE 7   

   PDATA SIZE       =   ----    ----
   DATA SIZE        =   ----       8
   IDATA SIZE       =      1    ----
   BIT SIZE         =   ----    ----
END OF MODULE INFORMATION.


C51 COMPILATION COMPLETE.  0 WARNING(S),  0 ERROR(S)
